<?xml version="1.0" encoding="UTF-8"?>
<!-- Generated by org.testng.reporters.JUnitReportReporter -->
<testsuite hostname="CNJ-SAKHTE5JUO8" name="DDT.LoginTest" tests="1" failures="0" timestamp="26 Jul 2016 14:54:22 GMT" time="18.233" errors="0">
  <testcase name="logintoSales" time="18.233" classname="DDT.LoginTest"/>
</testsuite> <!-- DDT.LoginTest -->
