<?xml version="1.0" encoding="UTF-8"?>
<!-- Generated by org.testng.reporters.JUnitReportReporter -->
<testsuite hostname="CNJ-SAKHTE5JUO8" name="DDT.SalesForceTest" tests="1" failures="0" timestamp="29 Jun 2016 13:05:57 GMT" time="23.857" errors="0">
  <testcase name="logintoSales" time="23.857" classname="DDT.SalesForceTest"/>
</testsuite> <!-- DDT.SalesForceTest -->
