<?xml version="1.0" encoding="UTF-8"?>
<!-- Generated by org.testng.reporters.JUnitReportReporter -->
<testsuite hostname="CNJ-SAKHTE5JUO8" name="DDT.CreateTest" tests="1" failures="0" timestamp="21 Jul 2016 15:05:37 GMT" time="0.020" errors="0">
  <testcase name="test" time="0.020" classname="DDT.CreateTest"/>
</testsuite> <!-- DDT.CreateTest -->
