<?xml version="1.0" encoding="UTF-8"?>
<!-- Generated by org.testng.reporters.JUnitReportReporter -->
<testsuite hostname="CNJ-SAKHTE5JUO8" name="DDT.SalesForceTest" tests="1" failures="0" timestamp="20 Jul 2016 18:15:27 GMT" time="20.524" errors="0">
  <testcase name="logintoSales" time="20.524" classname="DDT.SalesForceTest"/>
</testsuite> <!-- DDT.SalesForceTest -->
